<?xml version="1.0" encoding="UTF-8"?>
<testng-results ignored="0" total="2" passed="2" failed="0" skipped="0">
  <reporter-output>
  </reporter-output>
  <suite started-at="2023-02-02T12:02:40 IST" name="Default suite" finished-at="2023-02-02T12:02:56 IST" duration-ms="15510">
    <groups>
    </groups>
    <test started-at="2023-02-02T12:02:40 IST" name="Default test" finished-at="2023-02-02T12:02:56 IST" duration-ms="15510">
      <class name="com.qa.Testcases.LoginTest">
        <test-method is-config="true" signature="setup()[pri:0, instance:com.qa.Testcases.LoginTest@18078bef]" started-at="2023-02-02T12:02:40 IST" name="setup" finished-at="2023-02-02T12:02:49 IST" duration-ms="8251" status="PASS">
          <reporter-output>
          </reporter-output>
        </test-method> <!-- setup -->
        <test-method signature="testLoginPageTitle()[pri:1, instance:com.qa.Testcases.LoginTest@18078bef]" started-at="2023-02-02T12:02:49 IST" name="testLoginPageTitle" finished-at="2023-02-02T12:02:49 IST" duration-ms="12" status="PASS">
          <reporter-output>
          </reporter-output>
        </test-method> <!-- testLoginPageTitle -->
        <test-method is-config="true" signature="tearDown()[pri:0, instance:com.qa.Testcases.LoginTest@18078bef]" started-at="2023-02-02T12:02:49 IST" name="tearDown" finished-at="2023-02-02T12:02:49 IST" duration-ms="80" status="PASS">
          <reporter-output>
          </reporter-output>
        </test-method> <!-- tearDown -->
        <test-method is-config="true" signature="setup()[pri:0, instance:com.qa.Testcases.LoginTest@18078bef]" started-at="2023-02-02T12:02:49 IST" name="setup" finished-at="2023-02-02T12:02:56 IST" duration-ms="6862" status="PASS">
          <reporter-output>
          </reporter-output>
        </test-method> <!-- setup -->
        <test-method signature="testLogin()[pri:2, instance:com.qa.Testcases.LoginTest@18078bef]" started-at="2023-02-02T12:02:56 IST" name="testLogin" finished-at="2023-02-02T12:02:56 IST" duration-ms="176" status="PASS">
          <reporter-output>
          </reporter-output>
        </test-method> <!-- testLogin -->
        <test-method is-config="true" signature="tearDown()[pri:0, instance:com.qa.Testcases.LoginTest@18078bef]" started-at="2023-02-02T12:02:56 IST" name="tearDown" finished-at="2023-02-02T12:02:56 IST" duration-ms="99" status="PASS">
          <reporter-output>
          </reporter-output>
        </test-method> <!-- tearDown -->
      </class> <!-- com.qa.Testcases.LoginTest -->
    </test> <!-- Default test -->
  </suite> <!-- Default suite -->
</testng-results>
